2016-05-22 18:21:04,071 [14] INFO LL.Solutions.PMS.Service.Constants - Entering Listener Service StartService Method!
2016-05-22 18:21:04,079 [14] INFO LL.Solutions.PMS.Service.Constants - Calling UDP Listener
2016-05-22 18:21:04,080 [14] INFO LL.Solutions.Adapter.Constants - Setting default port to 22!
2016-05-22 18:21:04,080 [14] INFO LL.Solutions.PMS.Service.Constants - Exiting Listener Service StartService Method!
2016-05-22 18:21:04,080 [14] INFO LL.Solutions.PMS.Service.Constants - Entering Listener Service ListenService Method!
2016-05-22 18:21:04,081 [14] INFO LL.Solutions.Adapter.Constants - Entering UdpListener ListenPort Method!
2016-05-22 18:21:04,081 [14] INFO LL.Solutions.Adapter.Constants - Calling UdpListener InitializeListener Method!
2016-05-22 18:21:04,081 [14] INFO LL.Solutions.Adapter.Constants - Entering UdpListener InitializeListener Method!
2016-05-22 18:21:04,096 [14] INFO LL.Solutions.Adapter.Constants - Exiting UdpListener InitializeListener Method!
2016-05-22 18:21:04,102 [16] INFO LL.Solutions.Adapter.Constants - Entering UdpListener Receive Method!
2016-05-22 18:24:52,026 [14] INFO LL.Solutions.PMS.Service.Constants - Entering Listener Service StartService Method!
2016-05-22 18:24:52,035 [14] INFO LL.Solutions.PMS.Service.Constants - Calling UDP Listener
2016-05-22 18:24:52,036 [14] INFO LL.Solutions.Adapter.Constants - Setting default port to 22!
2016-05-22 18:24:52,036 [14] INFO LL.Solutions.PMS.Service.Constants - Exiting Listener Service StartService Method!
2016-05-22 18:24:52,037 [14] INFO LL.Solutions.PMS.Service.Constants - Entering Listener Service ListenService Method!
2016-05-22 18:24:52,037 [14] INFO LL.Solutions.Adapter.Constants - Entering UdpListener ListenPort Method!
2016-05-22 18:24:52,037 [14] INFO LL.Solutions.Adapter.Constants - Calling UdpListener InitializeListener Method!
2016-05-22 18:24:52,037 [14] INFO LL.Solutions.Adapter.Constants - Entering UdpListener InitializeListener Method!
2016-05-22 18:24:52,061 [14] INFO LL.Solutions.Adapter.Constants - Exiting UdpListener InitializeListener Method!
2016-05-22 18:24:52,064 [16] INFO LL.Solutions.Adapter.Constants - Entering UdpListener Receive Method!
2016-05-22 18:25:02,288 [14] INFO LL.Solutions.PMS.Service.Constants - Entering Listener Service StartService Method!
2016-05-22 18:25:02,298 [14] INFO LL.Solutions.PMS.Service.Constants - Calling UDP Listener
2016-05-22 18:25:02,299 [14] INFO LL.Solutions.Adapter.Constants - Setting default port to 22!
2016-05-22 18:25:02,299 [14] INFO LL.Solutions.PMS.Service.Constants - Exiting Listener Service StartService Method!
2016-05-22 18:25:02,299 [14] INFO LL.Solutions.PMS.Service.Constants - Entering Listener Service ListenService Method!
2016-05-22 18:25:02,300 [14] INFO LL.Solutions.Adapter.Constants - Entering UdpListener ListenPort Method!
2016-05-22 18:25:02,300 [14] INFO LL.Solutions.Adapter.Constants - Calling UdpListener InitializeListener Method!
2016-05-22 18:25:02,300 [14] INFO LL.Solutions.Adapter.Constants - Entering UdpListener InitializeListener Method!
2016-05-22 18:25:02,315 [14] INFO LL.Solutions.Adapter.Constants - Exiting UdpListener InitializeListener Method!
2016-05-22 18:25:02,318 [16] INFO LL.Solutions.Adapter.Constants - Entering UdpListener Receive Method!
2016-05-22 18:25:12,327 [14] ERROR LL.Solutions.Adapter.Constants - System Exception: More than 10 secs.
2016-05-22 18:25:12,330 [14] INFO LL.Solutions.Adapter.Constants - Exiting UdpListener ListenPort Method!
2016-05-22 18:25:12,330 [14] INFO LL.Solutions.PMS.Service.Constants - Entering Listener Service ListenService Method!
2016-05-22 18:25:12,330 [14] INFO LL.Solutions.PMS.Service.Constants - Entering Listener Service ListenService Method!
2016-05-22 18:25:12,330 [14] INFO LL.Solutions.Adapter.Constants - Entering UdpListener ListenPort Method!
2016-05-22 18:25:12,333 [17] INFO LL.Solutions.Adapter.Constants - Entering UdpListener Receive Method!
